[debug] [2022-02-09T03:59:27.873Z] ----------------------------------------------------------------------
[debug] [2022-02-09T03:59:27.880Z] Command:       C:\Program Files\nodejs\node.exe C:\Users\DELL\AppData\Roaming\npm\node_modules\firebase-tools\lib\bin\firebase.js init
[debug] [2022-02-09T03:59:27.881Z] CLI Version:   10.1.4
[debug] [2022-02-09T03:59:27.881Z] Platform:      win32
[debug] [2022-02-09T03:59:27.881Z] Node Version:  v14.17.6
[debug] [2022-02-09T03:59:27.885Z] Time:          Wed Feb 09 2022 09:29:27 GMT+0530 (India Standard Time)
[debug] [2022-02-09T03:59:27.885Z] ----------------------------------------------------------------------
[debug] 
[debug] [2022-02-09T03:59:27.905Z] > command requires scopes: ["email","openid","https://www.googleapis.com/auth/cloudplatformprojects.readonly","https://www.googleapis.com/auth/firebase","https://www.googleapis.com/auth/cloud-platform"]
[debug] [2022-02-09T03:59:27.905Z] > authorizing via signed-in user (cshoeb07@gmail.com)
[info] 
     ######## #### ########  ######## ########     ###     ######  ########
     ##        ##  ##     ## ##       ##     ##  ##   ##  ##       ##
     ######    ##  ########  ######   ########  #########  ######  ######
     ##        ##  ##    ##  ##       ##     ## ##     ##       ## ##
     ##       #### ##     ## ######## ########  ##     ##  ######  ########

You're about to initialize a Firebase project in this directory:

  D:\Amazon project p1\amazon-clone

[info] 
=== Project Setup
[info] 
[info] First, let's associate this project directory with a Firebase project.
[info] You can create multiple project aliases by running firebase use --add, 
[info] but for now we'll just set up a default project.
[info] 
[debug] [2022-02-09T04:01:39.846Z] >>> [apiv2][query] GET https://firebase.googleapis.com/v1beta1/projects pageSize=100
[debug] [2022-02-09T04:01:41.201Z] <<< [apiv2][status] GET https://firebase.googleapis.com/v1beta1/projects 200
[debug] [2022-02-09T04:01:41.202Z] <<< [apiv2][body] GET https://firebase.googleapis.com/v1beta1/projects [omitted]
[info] i  Using project clone-fe621 (amazon-clone) 
[info] 
=== Hosting Setup
[info] 
[info] Your public directory is the folder (relative to your project directory) that
[info] will contain Hosting assets to be uploaded with firebase deploy. If you
[info] have a build process for your assets, use your build's output directory.
[info] 
[debug] [2022-02-09T04:09:06.190Z] >>> [apiv2][query] GET https://www.gstatic.com/firebasejs/releases.json [none]
[debug] [2022-02-09T04:09:06.373Z] <<< [apiv2][status] GET https://www.gstatic.com/firebasejs/releases.json 200
[debug] [2022-02-09T04:09:06.374Z] <<< [apiv2][body] GET https://www.gstatic.com/firebasejs/releases.json {"current":{"version":"9.6.6","browserURL":"https://www.gstatic.com/firebasejs/9.6.6/firebase.js","packageURL":"https://www.gstatic.com/firebasejs/9.6.6/firebase.tgz"},"live":{"version":"9.6","browserURL":"https://www.gstatic.com/firebasejs/live/9.6/firebase.js","packageURL":"https://www.gstatic.com/firebasejs/live/9.6/firebase.tgz"},"components":{"analytics":"https://www.gstatic.com/firebasejs/9.6.6/firebase-analytics.js","app":"https://www.gstatic.com/firebasejs/9.6.6/firebase-app.js","app-check":"https://www.gstatic.com/firebasejs/9.6.6/firebase-app-check.js","auth":"https://www.gstatic.com/firebasejs/9.6.6/firebase-auth.js","auth/cordova":"https://www.gstatic.com/firebasejs/9.6.6/firebase-auth/cordova.js","auth/react-native":"https://www.gstatic.com/firebasejs/9.6.6/firebase-auth/react-native.js","functions":"https://www.gstatic.com/firebasejs/9.6.6/firebase-functions.js","firestore":"https://www.gstatic.com/firebasejs/9.6.6/firebase-firestore.js","firestore/lite":"https://www.gstatic.com/firebasejs/9.6.6/firebase-firestore/lite.js","storage":"https://www.gstatic.com/firebasejs/9.6.6/firebase-storage.js","performance":"https://www.gstatic.com/firebasejs/9.6.6/firebase-performance.js","remote-config":"https://www.gstatic.com/firebasejs/9.6.6/firebase-remote-config.js","messaging":"https://www.gstatic.com/firebasejs/9.6.6/firebase-messaging.js","messaging/sw":"https://www.gstatic.com/firebasejs/9.6.6/firebase-messaging/sw.js","database":"https://www.gstatic.com/firebasejs/9.6.6/firebase-database.js","firestore.memory":"https://www.gstatic.com/firebasejs/9.6.6/firebase-firestore.memory.js"}}
[info] +  Wrote build/index.html 
[info] 
[info] i  Didn't detect a .git folder. Assuming D:\Amazon project p1\amazon-clone is the project root. 
[info] i  Authorizing with GitHub to upload your service account to a GitHub repository's secrets store. 
[info] 
[info] Visit this URL on this device to log in:
[info] https://github.com/login/oauth/authorize?client_id=89cf50f02ac6aaed3484&state=1006293227&redirect_uri=http%3A%2F%2Flocalhost%3A9005&scope=read%3Auser%20repo%20public_repo
[info] 
[info] Waiting for authentication...
[debug] [2022-02-09T04:09:50.362Z] >>> HTTP REQUEST POST https://github.com/login/oauth/access_token  
 {"client_id":"89cf50f02ac6aaed3484","client_secret":"3330d14abc895d9a74d5f17cd7a00711fa2c5bf0","code":"d7c19aff0f9a34a18d1c","redirect_uri":"http://localhost:9005","state":"1006293227"}
[debug] [2022-02-09T04:09:50.780Z] <<< HTTP RESPONSE 200 {"server":"GitHub.com","date":"Wed, 09 Feb 2022 04:08:18 GMT","content-type":"application/json; charset=utf-8","transfer-encoding":"chunked","vary":"X-PJAX, X-PJAX-Container, Accept-Encoding, Accept, X-Requested-With","permissions-policy":"interest-cohort=()","etag":"W/\"80c8b229661c0e84accf00e1a2eb3958\"","cache-control":"max-age=0, private, must-revalidate","strict-transport-security":"max-age=31536000; includeSubdomains; preload","x-frame-options":"deny","x-content-type-options":"nosniff","x-xss-protection":"0","referrer-policy":"origin-when-cross-origin, strict-origin-when-cross-origin","expect-ct":"max-age=2592000, report-uri=\"https://api.github.com/_private/browser/errors\"","content-security-policy":"default-src 'none'; base-uri 'self'; block-all-mixed-content; child-src github.com/assets-cdn/worker/ gist.github.com/assets-cdn/worker/; connect-src 'self' uploads.github.com objects-origin.githubusercontent.com www.githubstatus.com collector.githubapp.com collector.github.com api.github.com github-cloud.s3.amazonaws.com github-production-repository-file-5c1aeb.s3.amazonaws.com github-production-upload-manifest-file-7fdce7.s3.amazonaws.com github-production-user-asset-6210df.s3.amazonaws.com cdn.optimizely.com logx.optimizely.com/v1/events translator.github.com wss://alive.github.com; font-src github.githubassets.com; form-action 'self' github.com gist.github.com objects-origin.githubusercontent.com; frame-ancestors 'none'; frame-src render.githubusercontent.com viewscreen.githubusercontent.com notebooks.githubusercontent.com; img-src 'self' data: github.githubassets.com identicons.github.com collector.githubapp.com collector.github.com github-cloud.s3.amazonaws.com secured-user-images.githubusercontent.com/ *.githubusercontent.com; manifest-src 'self'; media-src github.com user-images.githubusercontent.com/; script-src github.githubassets.com; style-src 'unsafe-inline' github.githubassets.com; worker-src github.com/assets-cdn/worker/ gist.github.com/assets-cdn/worker/","x-github-request-id":"0457:6FE4:E292A:1C8154:62033E32"}
[debug] [2022-02-09T04:09:50.788Z] >>> [apiv2][query] GET https://api.github.com/user [none]
[debug] [2022-02-09T04:09:51.422Z] <<< [apiv2][status] GET https://api.github.com/user 200
[debug] [2022-02-09T04:09:51.422Z] <<< [apiv2][body] GET https://api.github.com/user {"login":"shoeb145","id":58807859,"node_id":"MDQ6VXNlcjU4ODA3ODU5","avatar_url":"https://avatars.githubusercontent.com/u/58807859?v=4","gravatar_id":"","url":"https://api.github.com/users/shoeb145","html_url":"https://github.com/shoeb145","followers_url":"https://api.github.com/users/shoeb145/followers","following_url":"https://api.github.com/users/shoeb145/following{/other_user}","gists_url":"https://api.github.com/users/shoeb145/gists{/gist_id}","starred_url":"https://api.github.com/users/shoeb145/starred{/owner}{/repo}","subscriptions_url":"https://api.github.com/users/shoeb145/subscriptions","organizations_url":"https://api.github.com/users/shoeb145/orgs","repos_url":"https://api.github.com/users/shoeb145/repos","events_url":"https://api.github.com/users/shoeb145/events{/privacy}","received_events_url":"https://api.github.com/users/shoeb145/received_events","type":"User","site_admin":false,"name":"chaudhary shoeb","company":"Hasbasoft Technology Pvt Ltd","blog":"","location":"Mumbai","email":null,"hireable":null,"bio":"Training at Hasbasoft Technology Pvt Ltd","twitter_username":null,"public_repos":3,"public_gists":0,"followers":0,"following":0,"created_at":"2019-12-12T08:54:53Z","updated_at":"2022-02-09T04:07:41Z","private_gists":0,"total_private_repos":0,"owned_private_repos":0,"disk_usage":56777,"collaborators":0,"two_factor_authentication":false,"plan":{"name":"free","space":976562499,"collaborators":0,"private_repos":10000}}
[info] 
[info] +  Success! Logged into GitHub as shoeb145 
[info] 
